[debug] [2022-11-24T10:56:39.325Z] ----------------------------------------------------------------------
[debug] [2022-11-24T10:56:39.328Z] Command:       C:\Program Files\nodejs\node.exe C:\Users\My\AppData\Roaming\npm\node_modules\firebase-tools\lib\bin\firebase.js init
[debug] [2022-11-24T10:56:39.329Z] CLI Version:   11.16.0
[debug] [2022-11-24T10:56:39.329Z] Platform:      win32
[debug] [2022-11-24T10:56:39.329Z] Node Version:  v16.17.0
[debug] [2022-11-24T10:56:39.358Z] Time:          Thu Nov 24 2022 16:56:39 GMT+0600 (Bangladesh Standard Time)
[debug] [2022-11-24T10:56:39.359Z] ----------------------------------------------------------------------
[debug] 
[debug] [2022-11-24T10:56:39.364Z] >>> [apiv2][query] GET https://firebase-public.firebaseio.com/cli.json [none]
[debug] [2022-11-24T10:56:39.401Z] > command requires scopes: ["email","openid","https://www.googleapis.com/auth/cloudplatformprojects.readonly","https://www.googleapis.com/auth/firebase","https://www.googleapis.com/auth/cloud-platform"]
[debug] [2022-11-24T10:56:39.401Z] > authorizing via signed-in user (saidurrahman1473@gmail.com)
[info] 
     ######## #### ########  ######## ########     ###     ######  ########
     ##        ##  ##     ## ##       ##     ##  ##   ##  ##       ##
     ######    ##  ########  ######   ########  #########  ######  ######
     ##        ##  ##    ##  ##       ##     ## ##     ##       ## ##
     ##       #### ##     ## ######## ########  ##     ##  ######  ########

You're about to initialize a Firebase project in this directory:

  D:\Programming_base_All_File_and_Folder\Programming-Hero\JavaScript\Milestone-12\frs-client

[debug] [2022-11-24T10:56:40.260Z] <<< [apiv2][status] GET https://firebase-public.firebaseio.com/cli.json 200
[debug] [2022-11-24T10:56:40.260Z] <<< [apiv2][body] GET https://firebase-public.firebaseio.com/cli.json {"cloudBuildErrorAfter":1594252800000,"cloudBuildWarnAfter":1590019200000,"defaultNode10After":1594252800000,"minVersion":"3.0.5","node8DeploysDisabledAfter":1613390400000,"node8RuntimeDisabledAfter":1615809600000,"node8WarnAfter":1600128000000}
